mode: atomic
github.com/drerr0r/vetbot/cmd/vetbot/main.go:16.13,19.16 2 0
github.com/drerr0r/vetbot/cmd/vetbot/main.go:19.16,21.3 1 0
github.com/drerr0r/vetbot/cmd/vetbot/main.go:23.2,30.16 6 0
github.com/drerr0r/vetbot/cmd/vetbot/main.go:30.16,32.3 1 0
github.com/drerr0r/vetbot/cmd/vetbot/main.go:34.2,39.16 4 0
github.com/drerr0r/vetbot/cmd/vetbot/main.go:39.16,41.3 1 0
github.com/drerr0r/vetbot/cmd/vetbot/main.go:42.2,47.16 4 0
github.com/drerr0r/vetbot/cmd/vetbot/main.go:47.16,49.3 1 0
github.com/drerr0r/vetbot/cmd/vetbot/main.go:49.8,51.3 1 0
github.com/drerr0r/vetbot/cmd/vetbot/main.go:54.2,72.6 9 0
github.com/drerr0r/vetbot/cmd/vetbot/main.go:72.6,73.10 1 0
github.com/drerr0r/vetbot/cmd/vetbot/main.go:74.28,76.36 1 0
github.com/drerr0r/vetbot/cmd/vetbot/main.go:77.18,79.10 2 0
github.com/drerr0r/vetbot/cmd/vetbot/main.go:85.37,86.22 1 0
github.com/drerr0r/vetbot/cmd/vetbot/main.go:86.22,88.3 1 0
github.com/drerr0r/vetbot/cmd/vetbot/main.go:89.2,89.27 1 0
github.com/drerr0r/vetbot/cmd/vetbot/main.go:93.42,95.21 2 0
github.com/drerr0r/vetbot/cmd/vetbot/main.go:95.21,97.3 1 0
github.com/drerr0r/vetbot/cmd/vetbot/main.go:99.2,100.37 2 0
github.com/drerr0r/vetbot/cmd/vetbot/main.go:100.37,102.26 2 0
github.com/drerr0r/vetbot/cmd/vetbot/main.go:102.26,105.26 2 0
github.com/drerr0r/vetbot/cmd/vetbot/main.go:105.26,108.5 1 0
github.com/drerr0r/vetbot/cmd/vetbot/main.go:109.9,109.73 1 0
github.com/drerr0r/vetbot/cmd/vetbot/main.go:109.73,112.31 2 0
github.com/drerr0r/vetbot/cmd/vetbot/main.go:112.31,114.5 1 0
github.com/drerr0r/vetbot/cmd/vetbot/main.go:118.2,118.14 1 0
github.com/drerr0r/vetbot/pkg/utils/config.go:20.36,25.32 3 6
github.com/drerr0r/vetbot/pkg/utils/config.go:25.32,27.3 1 1
github.com/drerr0r/vetbot/pkg/utils/config.go:30.2,31.28 2 5
github.com/drerr0r/vetbot/pkg/utils/config.go:31.28,33.3 1 3
github.com/drerr0r/vetbot/pkg/utils/config.go:34.2,38.30 3 5
github.com/drerr0r/vetbot/pkg/utils/config.go:38.30,40.3 1 1
github.com/drerr0r/vetbot/pkg/utils/config.go:41.2,52.23 7 4
github.com/drerr0r/vetbot/pkg/utils/config.go:52.23,55.3 2 1
github.com/drerr0r/vetbot/pkg/utils/config.go:55.8,57.3 1 3
github.com/drerr0r/vetbot/pkg/utils/config.go:59.2,59.20 1 4
github.com/drerr0r/vetbot/pkg/utils/config.go:63.48,67.28 3 8
github.com/drerr0r/vetbot/pkg/utils/config.go:67.28,69.18 2 21
github.com/drerr0r/vetbot/pkg/utils/config.go:69.18,70.12 1 6
github.com/drerr0r/vetbot/pkg/utils/config.go:72.3,73.17 2 15
github.com/drerr0r/vetbot/pkg/utils/config.go:73.17,75.12 2 1
github.com/drerr0r/vetbot/pkg/utils/config.go:77.3,77.34 1 14
github.com/drerr0r/vetbot/pkg/utils/config.go:80.2,80.17 1 8
github.com/drerr0r/vetbot/pkg/utils/config.go:84.46,86.17 2 22
github.com/drerr0r/vetbot/pkg/utils/config.go:86.17,88.3 1 8
github.com/drerr0r/vetbot/pkg/utils/config.go:89.2,89.14 1 14
github.com/drerr0r/vetbot/internal/database/database.go:18.52,20.16 2 2
github.com/drerr0r/vetbot/internal/database/database.go:20.16,22.3 1 0
github.com/drerr0r/vetbot/internal/database/database.go:24.2,24.34 1 2
github.com/drerr0r/vetbot/internal/database/database.go:24.34,26.3 1 2
github.com/drerr0r/vetbot/internal/database/database.go:28.2,29.31 2 0
github.com/drerr0r/vetbot/internal/database/database.go:33.34,34.29 1 1
github.com/drerr0r/vetbot/internal/database/database.go:34.29,36.3 1 1
github.com/drerr0r/vetbot/internal/database/database.go:37.2,37.21 1 0
github.com/drerr0r/vetbot/internal/database/database.go:41.36,43.2 1 0
github.com/drerr0r/vetbot/internal/database/database.go:46.56,59.2 3 0
github.com/drerr0r/vetbot/internal/database/database.go:62.78,64.16 2 0
github.com/drerr0r/vetbot/internal/database/database.go:64.16,66.3 1 0
github.com/drerr0r/vetbot/internal/database/database.go:67.2,70.18 3 0
github.com/drerr0r/vetbot/internal/database/database.go:70.18,73.17 3 0
github.com/drerr0r/vetbot/internal/database/database.go:73.17,75.4 1 0
github.com/drerr0r/vetbot/internal/database/database.go:76.3,76.51 1 0
github.com/drerr0r/vetbot/internal/database/database.go:79.2,79.29 1 0
github.com/drerr0r/vetbot/internal/database/database.go:83.82,87.16 3 0
github.com/drerr0r/vetbot/internal/database/database.go:87.16,89.3 1 0
github.com/drerr0r/vetbot/internal/database/database.go:90.2,90.19 1 0
github.com/drerr0r/vetbot/internal/database/database.go:94.63,98.2 3 0
github.com/drerr0r/vetbot/internal/database/database.go:101.107,111.16 3 0
github.com/drerr0r/vetbot/internal/database/database.go:111.16,113.3 1 0
github.com/drerr0r/vetbot/internal/database/database.go:114.2,117.18 3 0
github.com/drerr0r/vetbot/internal/database/database.go:117.18,121.17 3 0
github.com/drerr0r/vetbot/internal/database/database.go:121.17,123.4 1 0
github.com/drerr0r/vetbot/internal/database/database.go:126.3,127.17 2 0
github.com/drerr0r/vetbot/internal/database/database.go:127.17,129.4 1 0
github.com/drerr0r/vetbot/internal/database/database.go:131.3,131.46 1 0
github.com/drerr0r/vetbot/internal/database/database.go:134.2,134.27 1 0
github.com/drerr0r/vetbot/internal/database/database.go:138.91,147.16 3 0
github.com/drerr0r/vetbot/internal/database/database.go:147.16,149.3 1 0
github.com/drerr0r/vetbot/internal/database/database.go:150.2,153.18 3 0
github.com/drerr0r/vetbot/internal/database/database.go:153.18,156.17 3 0
github.com/drerr0r/vetbot/internal/database/database.go:156.17,158.4 1 0
github.com/drerr0r/vetbot/internal/database/database.go:159.3,159.51 1 0
github.com/drerr0r/vetbot/internal/database/database.go:162.2,162.29 1 0
github.com/drerr0r/vetbot/internal/database/database.go:166.62,169.16 3 0
github.com/drerr0r/vetbot/internal/database/database.go:169.16,171.3 1 0
github.com/drerr0r/vetbot/internal/database/database.go:172.2,175.18 3 0
github.com/drerr0r/vetbot/internal/database/database.go:175.18,179.17 3 0
github.com/drerr0r/vetbot/internal/database/database.go:179.17,181.4 1 0
github.com/drerr0r/vetbot/internal/database/database.go:182.3,182.37 1 0
github.com/drerr0r/vetbot/internal/database/database.go:185.2,185.21 1 0
github.com/drerr0r/vetbot/internal/database/database.go:189.79,200.16 3 0
github.com/drerr0r/vetbot/internal/database/database.go:200.16,202.3 1 0
github.com/drerr0r/vetbot/internal/database/database.go:203.2,206.18 3 0
github.com/drerr0r/vetbot/internal/database/database.go:206.18,215.17 5 0
github.com/drerr0r/vetbot/internal/database/database.go:215.17,217.4 1 0
github.com/drerr0r/vetbot/internal/database/database.go:219.3,222.43 4 0
github.com/drerr0r/vetbot/internal/database/database.go:225.2,225.23 1 0
github.com/drerr0r/vetbot/internal/database/database.go:229.103,241.35 4 0
github.com/drerr0r/vetbot/internal/database/database.go:241.35,245.3 3 0
github.com/drerr0r/vetbot/internal/database/database.go:247.2,247.28 1 0
github.com/drerr0r/vetbot/internal/database/database.go:247.28,251.3 3 0
github.com/drerr0r/vetbot/internal/database/database.go:253.2,253.27 1 0
github.com/drerr0r/vetbot/internal/database/database.go:253.27,257.3 3 0
github.com/drerr0r/vetbot/internal/database/database.go:259.2,262.16 3 0
github.com/drerr0r/vetbot/internal/database/database.go:262.16,264.3 1 0
github.com/drerr0r/vetbot/internal/database/database.go:265.2,268.18 3 0
github.com/drerr0r/vetbot/internal/database/database.go:268.18,272.17 3 0
github.com/drerr0r/vetbot/internal/database/database.go:272.17,274.4 1 0
github.com/drerr0r/vetbot/internal/database/database.go:277.3,278.17 2 0
github.com/drerr0r/vetbot/internal/database/database.go:278.17,280.4 1 0
github.com/drerr0r/vetbot/internal/database/database.go:282.3,282.46 1 0
github.com/drerr0r/vetbot/internal/database/database.go:285.2,285.27 1 0
github.com/drerr0r/vetbot/internal/database/database.go:291.74,296.16 3 0
github.com/drerr0r/vetbot/internal/database/database.go:296.16,298.3 1 0
github.com/drerr0r/vetbot/internal/database/database.go:299.2,302.18 3 0
github.com/drerr0r/vetbot/internal/database/database.go:302.18,306.17 3 0
github.com/drerr0r/vetbot/internal/database/database.go:306.17,308.4 1 0
github.com/drerr0r/vetbot/internal/database/database.go:309.3,309.28 1 0
github.com/drerr0r/vetbot/internal/database/database.go:312.2,312.18 1 0
github.com/drerr0r/vetbot/internal/database/database.go:316.78,324.16 4 0
github.com/drerr0r/vetbot/internal/database/database.go:324.16,326.3 1 0
github.com/drerr0r/vetbot/internal/database/database.go:328.2,328.18 1 0
github.com/drerr0r/vetbot/internal/database/database.go:332.66,340.16 4 0
github.com/drerr0r/vetbot/internal/database/database.go:340.16,342.3 1 0
github.com/drerr0r/vetbot/internal/database/database.go:344.2,344.21 1 0
github.com/drerr0r/vetbot/internal/database/database.go:347.46,358.16 2 0
github.com/drerr0r/vetbot/internal/database/database.go:358.16,360.3 1 0
github.com/drerr0r/vetbot/internal/database/database.go:363.2,372.12 2 0
github.com/drerr0r/vetbot/internal/database/database_testutils.go:19.34,24.2 1 1
github.com/drerr0r/vetbot/internal/database/database_testutils.go:26.34,27.54 1 1
github.com/drerr0r/vetbot/internal/database/database_testutils.go:27.54,29.3 1 0
github.com/drerr0r/vetbot/internal/database/database_testutils.go:30.2,30.92 1 1
github.com/drerr0r/vetbot/internal/database/database_testutils.go:34.66,35.23 1 1
github.com/drerr0r/vetbot/internal/database/database_testutils.go:35.23,38.3 2 1
github.com/drerr0r/vetbot/internal/database/database_testutils.go:40.2,41.16 2 0
github.com/drerr0r/vetbot/internal/database/database_testutils.go:41.16,44.3 2 0
github.com/drerr0r/vetbot/internal/database/database_testutils.go:47.2,47.53 1 0
github.com/drerr0r/vetbot/internal/database/database_testutils.go:47.53,49.3 1 0
github.com/drerr0r/vetbot/internal/database/database_testutils.go:51.2,51.11 1 0
github.com/drerr0r/vetbot/internal/database/database_testutils.go:62.41,154.32 2 0
github.com/drerr0r/vetbot/internal/database/database_testutils.go:154.32,155.43 1 0
github.com/drerr0r/vetbot/internal/database/database_testutils.go:155.43,157.4 1 0
github.com/drerr0r/vetbot/internal/database/database_testutils.go:160.2,160.12 1 0
github.com/drerr0r/vetbot/internal/database/database_testutils.go:164.40,165.15 1 0
github.com/drerr0r/vetbot/internal/database/database_testutils.go:165.15,167.3 1 0
github.com/drerr0r/vetbot/internal/database/database_testutils.go:169.2,178.32 2 0
github.com/drerr0r/vetbot/internal/database/database_testutils.go:178.32,179.51 1 0
github.com/drerr0r/vetbot/internal/database/database_testutils.go:179.51,181.4 1 0
github.com/drerr0r/vetbot/internal/database/database_testutils.go:186.75,197.2 3 0
github.com/drerr0r/vetbot/internal/handlers/adapters.go:13.70,15.2 1 0
github.com/drerr0r/vetbot/internal/handlers/adapters.go:18.83,20.2 1 0
github.com/drerr0r/vetbot/internal/handlers/adapters.go:23.91,25.2 1 0
github.com/drerr0r/vetbot/internal/handlers/admin_handlers.go:25.85,33.2 1 6
github.com/drerr0r/vetbot/internal/handlers/admin_handlers.go:36.61,61.2 8 0
github.com/drerr0r/vetbot/internal/handlers/admin_handlers.go:64.68,72.31 5 0
github.com/drerr0r/vetbot/internal/handlers/admin_handlers.go:72.31,75.3 2 0
github.com/drerr0r/vetbot/internal/handlers/admin_handlers.go:77.2,77.15 1 0
github.com/drerr0r/vetbot/internal/handlers/admin_handlers.go:78.19,79.33 1 0
github.com/drerr0r/vetbot/internal/handlers/admin_handlers.go:80.24,81.38 1 0
github.com/drerr0r/vetbot/internal/handlers/admin_handlers.go:82.27,83.41 1 0
github.com/drerr0r/vetbot/internal/handlers/admin_handlers.go:84.22,85.35 1 0
github.com/drerr0r/vetbot/internal/handlers/admin_handlers.go:86.23,87.36 1 0
github.com/drerr0r/vetbot/internal/handlers/admin_handlers.go:88.33,89.46 1 0
github.com/drerr0r/vetbot/internal/handlers/admin_handlers.go:90.18,91.41 1 0
github.com/drerr0r/vetbot/internal/handlers/admin_handlers.go:92.23,93.36 1 0
github.com/drerr0r/vetbot/internal/handlers/admin_handlers.go:94.24,95.37 1 0
github.com/drerr0r/vetbot/internal/handlers/admin_handlers.go:96.34,97.47 1 0
github.com/drerr0r/vetbot/internal/handlers/admin_handlers.go:98.28,99.41 1 0
github.com/drerr0r/vetbot/internal/handlers/admin_handlers.go:100.27,101.40 1 0
github.com/drerr0r/vetbot/internal/handlers/admin_handlers.go:102.21,103.44 1 0
github.com/drerr0r/vetbot/internal/handlers/admin_handlers.go:104.26,105.39 1 0
github.com/drerr0r/vetbot/internal/handlers/admin_handlers.go:106.27,107.40 1 0
github.com/drerr0r/vetbot/internal/handlers/admin_handlers.go:108.31,109.44 1 0
github.com/drerr0r/vetbot/internal/handlers/admin_handlers.go:110.30,111.43 1 0
github.com/drerr0r/vetbot/internal/handlers/admin_handlers.go:112.10,113.33 1 0
github.com/drerr0r/vetbot/internal/handlers/admin_handlers.go:118.66,123.22 3 0
github.com/drerr0r/vetbot/internal/handlers/admin_handlers.go:124.45,127.24 2 0
github.com/drerr0r/vetbot/internal/handlers/admin_handlers.go:128.124,131.30 2 0
github.com/drerr0r/vetbot/internal/handlers/admin_handlers.go:132.111,135.33 2 0
github.com/drerr0r/vetbot/internal/handlers/admin_handlers.go:136.66,140.30 3 0
github.com/drerr0r/vetbot/internal/handlers/admin_handlers.go:141.10,144.24 2 0
github.com/drerr0r/vetbot/internal/handlers/admin_handlers.go:149.53,155.2 5 0
github.com/drerr0r/vetbot/internal/handlers/admin_handlers.go:158.77,159.14 1 0
github.com/drerr0r/vetbot/internal/handlers/admin_handlers.go:160.50,161.30 1 0
github.com/drerr0r/vetbot/internal/handlers/admin_handlers.go:162.54,163.33 1 0
github.com/drerr0r/vetbot/internal/handlers/admin_handlers.go:164.35,165.24 1 0
github.com/drerr0r/vetbot/internal/handlers/admin_handlers.go:166.35,167.25 1 0
github.com/drerr0r/vetbot/internal/handlers/admin_handlers.go:168.44,169.23 1 0
github.com/drerr0r/vetbot/internal/handlers/admin_handlers.go:170.10,173.18 2 0
github.com/drerr0r/vetbot/internal/handlers/admin_handlers.go:178.82,179.14 1 0
github.com/drerr0r/vetbot/internal/handlers/admin_handlers.go:180.41,181.24 1 0
github.com/drerr0r/vetbot/internal/handlers/admin_handlers.go:182.40,183.24 1 0
github.com/drerr0r/vetbot/internal/handlers/admin_handlers.go:184.25,185.29 1 0
github.com/drerr0r/vetbot/internal/handlers/admin_handlers.go:186.10,189.18 2 0
github.com/drerr0r/vetbot/internal/handlers/admin_handlers.go:194.85,195.14 1 0
github.com/drerr0r/vetbot/internal/handlers/admin_handlers.go:196.45,197.27 1 0
github.com/drerr0r/vetbot/internal/handlers/admin_handlers.go:198.40,199.27 1 0
github.com/drerr0r/vetbot/internal/handlers/admin_handlers.go:200.25,201.29 1 0
github.com/drerr0r/vetbot/internal/handlers/admin_handlers.go:202.10,205.18 2 0
github.com/drerr0r/vetbot/internal/handlers/admin_handlers.go:210.67,234.2 9 0
github.com/drerr0r/vetbot/internal/handlers/admin_handlers.go:237.70,261.2 9 0
github.com/drerr0r/vetbot/internal/handlers/admin_handlers.go:264.61,275.2 7 0
github.com/drerr0r/vetbot/internal/handlers/admin_handlers.go:278.79,291.2 7 0
github.com/drerr0r/vetbot/internal/handlers/admin_handlers.go:294.81,304.16 6 0
github.com/drerr0r/vetbot/internal/handlers/admin_handlers.go:304.16,309.3 3 0
github.com/drerr0r/vetbot/internal/handlers/admin_handlers.go:312.2,312.50 1 0
github.com/drerr0r/vetbot/internal/handlers/admin_handlers.go:312.50,314.3 1 0
github.com/drerr0r/vetbot/internal/handlers/admin_handlers.go:316.2,319.39 3 0
github.com/drerr0r/vetbot/internal/handlers/admin_handlers.go:319.39,321.3 1 0
github.com/drerr0r/vetbot/internal/handlers/admin_handlers.go:323.2,326.17 3 0
github.com/drerr0r/vetbot/internal/handlers/admin_handlers.go:330.95,338.31 5 0
github.com/drerr0r/vetbot/internal/handlers/admin_handlers.go:338.31,344.3 4 0
github.com/drerr0r/vetbot/internal/handlers/admin_handlers.go:347.2,347.44 1 0
github.com/drerr0r/vetbot/internal/handlers/admin_handlers.go:347.44,352.3 3 0
github.com/drerr0r/vetbot/internal/handlers/admin_handlers.go:355.2,364.16 3 0
github.com/drerr0r/vetbot/internal/handlers/admin_handlers.go:364.16,368.3 2 0
github.com/drerr0r/vetbot/internal/handlers/admin_handlers.go:368.8,372.3 2 0
github.com/drerr0r/vetbot/internal/handlers/admin_handlers.go:375.2,379.29 3 0
github.com/drerr0r/vetbot/internal/handlers/admin_handlers.go:383.61,388.16 4 0
github.com/drerr0r/vetbot/internal/handlers/admin_handlers.go:388.16,392.3 3 0
github.com/drerr0r/vetbot/internal/handlers/admin_handlers.go:394.2,394.20 1 0
github.com/drerr0r/vetbot/internal/handlers/admin_handlers.go:394.20,398.3 3 0
github.com/drerr0r/vetbot/internal/handlers/admin_handlers.go:400.2,403.27 3 0
github.com/drerr0r/vetbot/internal/handlers/admin_handlers.go:403.27,405.20 2 0
github.com/drerr0r/vetbot/internal/handlers/admin_handlers.go:405.20,407.4 1 0
github.com/drerr0r/vetbot/internal/handlers/admin_handlers.go:408.3,408.106 1 0
github.com/drerr0r/vetbot/internal/handlers/admin_handlers.go:411.2,423.17 6 0
github.com/drerr0r/vetbot/internal/handlers/admin_handlers.go:427.85,431.29 2 0
github.com/drerr0r/vetbot/internal/handlers/admin_handlers.go:431.29,435.3 3 0
github.com/drerr0r/vetbot/internal/handlers/admin_handlers.go:437.2,438.16 2 0
github.com/drerr0r/vetbot/internal/handlers/admin_handlers.go:438.16,442.3 3 0
github.com/drerr0r/vetbot/internal/handlers/admin_handlers.go:444.2,444.23 1 0
github.com/drerr0r/vetbot/internal/handlers/admin_handlers.go:444.23,448.3 3 0
github.com/drerr0r/vetbot/internal/handlers/admin_handlers.go:450.2,451.32 2 0
github.com/drerr0r/vetbot/internal/handlers/admin_handlers.go:455.91,468.34 7 0
github.com/drerr0r/vetbot/internal/handlers/admin_handlers.go:468.34,470.30 2 0
github.com/drerr0r/vetbot/internal/handlers/admin_handlers.go:470.30,472.4 1 0
github.com/drerr0r/vetbot/internal/handlers/admin_handlers.go:473.3,473.41 1 0
github.com/drerr0r/vetbot/internal/handlers/admin_handlers.go:476.2,480.21 4 0
github.com/drerr0r/vetbot/internal/handlers/admin_handlers.go:480.21,482.3 1 0
github.com/drerr0r/vetbot/internal/handlers/admin_handlers.go:484.2,484.31 1 0
github.com/drerr0r/vetbot/internal/handlers/admin_handlers.go:484.31,486.3 1 0
github.com/drerr0r/vetbot/internal/handlers/admin_handlers.go:488.2,489.18 2 0
github.com/drerr0r/vetbot/internal/handlers/admin_handlers.go:489.18,491.3 1 0
github.com/drerr0r/vetbot/internal/handlers/admin_handlers.go:491.8,493.3 1 0
github.com/drerr0r/vetbot/internal/handlers/admin_handlers.go:495.2,521.17 7 0
github.com/drerr0r/vetbot/internal/handlers/admin_handlers.go:525.80,530.27 4 0
github.com/drerr0r/vetbot/internal/handlers/admin_handlers.go:530.27,535.3 4 0
github.com/drerr0r/vetbot/internal/handlers/admin_handlers.go:538.2,539.16 2 0
github.com/drerr0r/vetbot/internal/handlers/admin_handlers.go:539.16,544.3 4 0
github.com/drerr0r/vetbot/internal/handlers/admin_handlers.go:546.2,546.14 1 0
github.com/drerr0r/vetbot/internal/handlers/admin_handlers.go:547.50,552.18 5 0
github.com/drerr0r/vetbot/internal/handlers/admin_handlers.go:554.56,559.18 5 0
github.com/drerr0r/vetbot/internal/handlers/admin_handlers.go:561.47,564.22 3 0
github.com/drerr0r/vetbot/internal/handlers/admin_handlers.go:564.22,566.4 1 0
github.com/drerr0r/vetbot/internal/handlers/admin_handlers.go:567.3,568.18 2 0
github.com/drerr0r/vetbot/internal/handlers/admin_handlers.go:570.50,573.32 3 0
github.com/drerr0r/vetbot/internal/handlers/admin_handlers.go:573.32,575.4 1 0
github.com/drerr0r/vetbot/internal/handlers/admin_handlers.go:576.3,577.18 2 0
github.com/drerr0r/vetbot/internal/handlers/admin_handlers.go:579.68,582.35 3 0
github.com/drerr0r/vetbot/internal/handlers/admin_handlers.go:582.35,584.31 2 0
github.com/drerr0r/vetbot/internal/handlers/admin_handlers.go:584.31,586.5 1 0
github.com/drerr0r/vetbot/internal/handlers/admin_handlers.go:587.4,587.56 1 0
github.com/drerr0r/vetbot/internal/handlers/admin_handlers.go:591.3,592.17 2 0
github.com/drerr0r/vetbot/internal/handlers/admin_handlers.go:592.17,596.4 3 0
github.com/drerr0r/vetbot/internal/handlers/admin_handlers.go:598.3,600.36 3 0
github.com/drerr0r/vetbot/internal/handlers/admin_handlers.go:600.36,602.4 1 0
github.com/drerr0r/vetbot/internal/handlers/admin_handlers.go:602.9,604.4 1 0
github.com/drerr0r/vetbot/internal/handlers/admin_handlers.go:605.3,607.40 2 0
github.com/drerr0r/vetbot/internal/handlers/admin_handlers.go:607.40,609.4 1 0
github.com/drerr0r/vetbot/internal/handlers/admin_handlers.go:611.3,614.18 3 0
github.com/drerr0r/vetbot/internal/handlers/admin_handlers.go:616.43,620.17 4 0
github.com/drerr0r/vetbot/internal/handlers/admin_handlers.go:620.17,622.4 1 0
github.com/drerr0r/vetbot/internal/handlers/admin_handlers.go:624.3,634.18 4 0
github.com/drerr0r/vetbot/internal/handlers/admin_handlers.go:636.43,649.18 6 0
github.com/drerr0r/vetbot/internal/handlers/admin_handlers.go:651.25,652.29 1 0
github.com/drerr0r/vetbot/internal/handlers/admin_handlers.go:654.10,656.18 2 0
github.com/drerr0r/vetbot/internal/handlers/admin_handlers.go:661.81,666.27 4 0
github.com/drerr0r/vetbot/internal/handlers/admin_handlers.go:666.27,671.3 4 0
github.com/drerr0r/vetbot/internal/handlers/admin_handlers.go:674.2,674.17 1 0
github.com/drerr0r/vetbot/internal/handlers/admin_handlers.go:674.17,676.3 1 0
github.com/drerr0r/vetbot/internal/handlers/admin_handlers.go:679.2,680.16 2 0
github.com/drerr0r/vetbot/internal/handlers/admin_handlers.go:680.16,684.3 2 0
github.com/drerr0r/vetbot/internal/handlers/admin_handlers.go:684.8,687.3 2 0
github.com/drerr0r/vetbot/internal/handlers/admin_handlers.go:690.2,691.16 2 0
github.com/drerr0r/vetbot/internal/handlers/admin_handlers.go:691.16,693.3 1 0
github.com/drerr0r/vetbot/internal/handlers/admin_handlers.go:693.8,695.3 1 0
github.com/drerr0r/vetbot/internal/handlers/admin_handlers.go:699.91,704.27 4 0
github.com/drerr0r/vetbot/internal/handlers/admin_handlers.go:704.27,709.3 4 0
github.com/drerr0r/vetbot/internal/handlers/admin_handlers.go:712.2,712.53 1 0
github.com/drerr0r/vetbot/internal/handlers/admin_handlers.go:712.53,717.3 3 0
github.com/drerr0r/vetbot/internal/handlers/admin_handlers.go:720.2,721.16 2 0
github.com/drerr0r/vetbot/internal/handlers/admin_handlers.go:721.16,725.3 2 0
github.com/drerr0r/vetbot/internal/handlers/admin_handlers.go:725.8,728.3 2 0
github.com/drerr0r/vetbot/internal/handlers/admin_handlers.go:731.2,732.16 2 0
github.com/drerr0r/vetbot/internal/handlers/admin_handlers.go:732.16,734.3 1 0
github.com/drerr0r/vetbot/internal/handlers/admin_handlers.go:734.8,736.3 1 0
github.com/drerr0r/vetbot/internal/handlers/admin_handlers.go:740.85,745.27 4 0
github.com/drerr0r/vetbot/internal/handlers/admin_handlers.go:745.27,750.3 4 0
github.com/drerr0r/vetbot/internal/handlers/admin_handlers.go:752.2,752.59 1 0
github.com/drerr0r/vetbot/internal/handlers/admin_handlers.go:752.59,754.17 2 0
github.com/drerr0r/vetbot/internal/handlers/admin_handlers.go:754.17,758.4 2 0
github.com/drerr0r/vetbot/internal/handlers/admin_handlers.go:758.9,761.4 2 0
github.com/drerr0r/vetbot/internal/handlers/admin_handlers.go:762.8,765.3 2 0
github.com/drerr0r/vetbot/internal/handlers/admin_handlers.go:768.2,768.23 1 0
github.com/drerr0r/vetbot/internal/handlers/admin_handlers.go:772.84,777.27 4 0
github.com/drerr0r/vetbot/internal/handlers/admin_handlers.go:777.27,782.3 4 0
github.com/drerr0r/vetbot/internal/handlers/admin_handlers.go:784.2,784.42 1 0
github.com/drerr0r/vetbot/internal/handlers/admin_handlers.go:784.42,787.17 2 0
github.com/drerr0r/vetbot/internal/handlers/admin_handlers.go:787.17,792.4 4 0
github.com/drerr0r/vetbot/internal/handlers/admin_handlers.go:795.3,797.17 3 0
github.com/drerr0r/vetbot/internal/handlers/admin_handlers.go:797.17,801.4 2 0
github.com/drerr0r/vetbot/internal/handlers/admin_handlers.go:801.9,803.18 2 0
github.com/drerr0r/vetbot/internal/handlers/admin_handlers.go:803.18,805.5 1 0
github.com/drerr0r/vetbot/internal/handlers/admin_handlers.go:806.4,808.19 2 0
github.com/drerr0r/vetbot/internal/handlers/admin_handlers.go:810.8,813.3 2 0
github.com/drerr0r/vetbot/internal/handlers/admin_handlers.go:816.2,817.16 2 0
github.com/drerr0r/vetbot/internal/handlers/admin_handlers.go:817.16,819.3 1 0
github.com/drerr0r/vetbot/internal/handlers/admin_handlers.go:819.8,821.3 1 0
github.com/drerr0r/vetbot/internal/handlers/admin_handlers.go:825.64,830.16 4 0
github.com/drerr0r/vetbot/internal/handlers/admin_handlers.go:830.16,834.3 3 0
github.com/drerr0r/vetbot/internal/handlers/admin_handlers.go:836.2,836.23 1 0
github.com/drerr0r/vetbot/internal/handlers/admin_handlers.go:836.23,840.3 3 0
github.com/drerr0r/vetbot/internal/handlers/admin_handlers.go:842.2,845.33 3 0
github.com/drerr0r/vetbot/internal/handlers/admin_handlers.go:845.33,847.23 2 0
github.com/drerr0r/vetbot/internal/handlers/admin_handlers.go:847.23,849.4 1 0
github.com/drerr0r/vetbot/internal/handlers/admin_handlers.go:850.3,850.92 1 0
github.com/drerr0r/vetbot/internal/handlers/admin_handlers.go:853.2,865.17 6 0
github.com/drerr0r/vetbot/internal/handlers/admin_handlers.go:869.88,872.29 2 0
github.com/drerr0r/vetbot/internal/handlers/admin_handlers.go:872.29,876.3 3 0
github.com/drerr0r/vetbot/internal/handlers/admin_handlers.go:878.2,879.16 2 0
github.com/drerr0r/vetbot/internal/handlers/admin_handlers.go:879.16,883.3 3 0
github.com/drerr0r/vetbot/internal/handlers/admin_handlers.go:885.2,885.26 1 0
github.com/drerr0r/vetbot/internal/handlers/admin_handlers.go:885.26,889.3 3 0
github.com/drerr0r/vetbot/internal/handlers/admin_handlers.go:891.2,892.38 2 0
github.com/drerr0r/vetbot/internal/handlers/admin_handlers.go:896.91,910.24 8 0
github.com/drerr0r/vetbot/internal/handlers/admin_handlers.go:910.24,912.3 1 0
github.com/drerr0r/vetbot/internal/handlers/admin_handlers.go:914.2,914.31 1 0
github.com/drerr0r/vetbot/internal/handlers/admin_handlers.go:914.31,916.3 1 0
github.com/drerr0r/vetbot/internal/handlers/admin_handlers.go:918.2,919.21 2 0
github.com/drerr0r/vetbot/internal/handlers/admin_handlers.go:919.21,921.3 1 0
github.com/drerr0r/vetbot/internal/handlers/admin_handlers.go:921.8,923.3 1 0
github.com/drerr0r/vetbot/internal/handlers/admin_handlers.go:925.2,949.17 6 0
github.com/drerr0r/vetbot/internal/handlers/admin_handlers.go:953.83,958.30 4 0
github.com/drerr0r/vetbot/internal/handlers/admin_handlers.go:958.30,963.3 4 0
github.com/drerr0r/vetbot/internal/handlers/admin_handlers.go:966.2,967.16 2 0
github.com/drerr0r/vetbot/internal/handlers/admin_handlers.go:967.16,972.3 4 0
github.com/drerr0r/vetbot/internal/handlers/admin_handlers.go:974.2,974.14 1 0
github.com/drerr0r/vetbot/internal/handlers/admin_handlers.go:975.60,980.18 5 0
github.com/drerr0r/vetbot/internal/handlers/admin_handlers.go:982.52,987.18 5 0
github.com/drerr0r/vetbot/internal/handlers/admin_handlers.go:989.56,992.25 3 0
github.com/drerr0r/vetbot/internal/handlers/admin_handlers.go:992.25,994.4 1 0
github.com/drerr0r/vetbot/internal/handlers/admin_handlers.go:995.3,996.18 2 0
github.com/drerr0r/vetbot/internal/handlers/admin_handlers.go:998.63,1001.32 3 0
github.com/drerr0r/vetbot/internal/handlers/admin_handlers.go:1001.32,1003.4 1 0
github.com/drerr0r/vetbot/internal/handlers/admin_handlers.go:1004.3,1005.18 2 0
github.com/drerr0r/vetbot/internal/handlers/admin_handlers.go:1007.43,1011.17 4 0
github.com/drerr0r/vetbot/internal/handlers/admin_handlers.go:1011.17,1013.4 1 0
github.com/drerr0r/vetbot/internal/handlers/admin_handlers.go:1015.3,1025.18 4 0
github.com/drerr0r/vetbot/internal/handlers/admin_handlers.go:1027.47,1040.18 6 0
github.com/drerr0r/vetbot/internal/handlers/admin_handlers.go:1042.25,1043.29 1 0
github.com/drerr0r/vetbot/internal/handlers/admin_handlers.go:1045.10,1047.18 2 0
github.com/drerr0r/vetbot/internal/handlers/admin_handlers.go:1052.84,1057.30 4 0
github.com/drerr0r/vetbot/internal/handlers/admin_handlers.go:1057.30,1062.3 4 0
github.com/drerr0r/vetbot/internal/handlers/admin_handlers.go:1065.2,1065.17 1 0
github.com/drerr0r/vetbot/internal/handlers/admin_handlers.go:1065.17,1067.3 1 0
github.com/drerr0r/vetbot/internal/handlers/admin_handlers.go:1070.2,1071.16 2 0
github.com/drerr0r/vetbot/internal/handlers/admin_handlers.go:1071.16,1075.3 2 0
github.com/drerr0r/vetbot/internal/handlers/admin_handlers.go:1075.8,1078.3 2 0
github.com/drerr0r/vetbot/internal/handlers/admin_handlers.go:1081.2,1082.16 2 0
github.com/drerr0r/vetbot/internal/handlers/admin_handlers.go:1082.16,1084.3 1 0
github.com/drerr0r/vetbot/internal/handlers/admin_handlers.go:1084.8,1086.3 1 0
github.com/drerr0r/vetbot/internal/handlers/admin_handlers.go:1090.88,1095.30 4 0
github.com/drerr0r/vetbot/internal/handlers/admin_handlers.go:1095.30,1100.3 4 0
github.com/drerr0r/vetbot/internal/handlers/admin_handlers.go:1102.2,1102.59 1 0
github.com/drerr0r/vetbot/internal/handlers/admin_handlers.go:1102.59,1104.17 2 0
github.com/drerr0r/vetbot/internal/handlers/admin_handlers.go:1104.17,1108.4 2 0
github.com/drerr0r/vetbot/internal/handlers/admin_handlers.go:1108.9,1111.4 2 0
github.com/drerr0r/vetbot/internal/handlers/admin_handlers.go:1112.8,1115.3 2 0
github.com/drerr0r/vetbot/internal/handlers/admin_handlers.go:1118.2,1118.26 1 0
github.com/drerr0r/vetbot/internal/handlers/admin_handlers.go:1122.87,1127.30 4 0
github.com/drerr0r/vetbot/internal/handlers/admin_handlers.go:1127.30,1132.3 4 0
github.com/drerr0r/vetbot/internal/handlers/admin_handlers.go:1134.2,1134.42 1 0
github.com/drerr0r/vetbot/internal/handlers/admin_handlers.go:1134.42,1137.17 2 0
github.com/drerr0r/vetbot/internal/handlers/admin_handlers.go:1137.17,1142.4 4 0
github.com/drerr0r/vetbot/internal/handlers/admin_handlers.go:1145.3,1147.17 3 0
github.com/drerr0r/vetbot/internal/handlers/admin_handlers.go:1147.17,1151.4 2 0
github.com/drerr0r/vetbot/internal/handlers/admin_handlers.go:1151.9,1153.18 2 0
github.com/drerr0r/vetbot/internal/handlers/admin_handlers.go:1153.18,1155.5 1 0
github.com/drerr0r/vetbot/internal/handlers/admin_handlers.go:1156.4,1158.19 2 0
github.com/drerr0r/vetbot/internal/handlers/admin_handlers.go:1160.8,1163.3 2 0
github.com/drerr0r/vetbot/internal/handlers/admin_handlers.go:1166.2,1167.16 2 0
github.com/drerr0r/vetbot/internal/handlers/admin_handlers.go:1167.16,1169.3 1 0
github.com/drerr0r/vetbot/internal/handlers/admin_handlers.go:1169.8,1171.3 1 0
github.com/drerr0r/vetbot/internal/handlers/admin_handlers.go:1175.64,1179.2 2 0
github.com/drerr0r/vetbot/internal/handlers/admin_handlers.go:1182.62,1201.2 8 0
github.com/drerr0r/vetbot/internal/handlers/admin_handlers.go:1204.61,1224.2 10 0
github.com/drerr0r/vetbot/internal/handlers/admin_handlers.go:1227.60,1238.2 7 0
github.com/drerr0r/vetbot/internal/handlers/admin_handlers.go:1243.69,1244.17 1 0
github.com/drerr0r/vetbot/internal/handlers/admin_handlers.go:1244.17,1246.3 1 0
github.com/drerr0r/vetbot/internal/handlers/admin_handlers.go:1249.2,1250.16 2 0
github.com/drerr0r/vetbot/internal/handlers/admin_handlers.go:1250.16,1253.3 2 0
github.com/drerr0r/vetbot/internal/handlers/admin_handlers.go:1255.2,1256.28 2 0
github.com/drerr0r/vetbot/internal/handlers/admin_handlers.go:1256.28,1258.42 2 0
github.com/drerr0r/vetbot/internal/handlers/admin_handlers.go:1258.42,1260.4 1 0
github.com/drerr0r/vetbot/internal/handlers/admin_handlers.go:1263.3,1264.28 2 0
github.com/drerr0r/vetbot/internal/handlers/admin_handlers.go:1264.28,1266.4 1 0
github.com/drerr0r/vetbot/internal/handlers/admin_handlers.go:1268.2,1268.13 1 0
github.com/drerr0r/vetbot/internal/handlers/admin_handlers.go:1272.63,1276.2 3 0
github.com/drerr0r/vetbot/internal/handlers/admin_handlers.go:1279.91,1286.16 3 0
github.com/drerr0r/vetbot/internal/handlers/admin_handlers.go:1286.16,1288.3 1 0
github.com/drerr0r/vetbot/internal/handlers/admin_handlers.go:1291.2,1291.21 1 0
github.com/drerr0r/vetbot/internal/handlers/admin_handlers.go:1291.21,1295.37 3 0
github.com/drerr0r/vetbot/internal/handlers/admin_handlers.go:1295.37,1297.32 2 0
github.com/drerr0r/vetbot/internal/handlers/admin_handlers.go:1297.32,1300.19 2 0
github.com/drerr0r/vetbot/internal/handlers/admin_handlers.go:1300.19,1302.14 2 0
github.com/drerr0r/vetbot/internal/handlers/admin_handlers.go:1305.5,1305.15 1 0
github.com/drerr0r/vetbot/internal/handlers/admin_handlers.go:1305.15,1311.20 2 0
github.com/drerr0r/vetbot/internal/handlers/admin_handlers.go:1311.20,1313.7 1 0
github.com/drerr0r/vetbot/internal/handlers/admin_handlers.go:1313.12,1315.7 1 0
github.com/drerr0r/vetbot/internal/handlers/admin_handlers.go:1316.11,1318.6 1 0
github.com/drerr0r/vetbot/internal/handlers/admin_handlers.go:1323.2,1323.12 1 0
github.com/drerr0r/vetbot/internal/handlers/admin_handlers.go:1327.94,1331.15 3 0
github.com/drerr0r/vetbot/internal/handlers/admin_handlers.go:1332.20,1334.50 2 0
github.com/drerr0r/vetbot/internal/handlers/admin_handlers.go:1335.15,1337.50 2 0
github.com/drerr0r/vetbot/internal/handlers/admin_handlers.go:1338.15,1339.18 1 0
github.com/drerr0r/vetbot/internal/handlers/admin_handlers.go:1339.18,1342.4 2 0
github.com/drerr0r/vetbot/internal/handlers/admin_handlers.go:1342.9,1345.4 2 0
github.com/drerr0r/vetbot/internal/handlers/admin_handlers.go:1346.26,1347.18 1 0
github.com/drerr0r/vetbot/internal/handlers/admin_handlers.go:1347.18,1350.4 2 0
github.com/drerr0r/vetbot/internal/handlers/admin_handlers.go:1350.9,1352.22 2 0
github.com/drerr0r/vetbot/internal/handlers/admin_handlers.go:1352.22,1354.5 1 0
github.com/drerr0r/vetbot/internal/handlers/admin_handlers.go:1355.4,1356.49 2 0
github.com/drerr0r/vetbot/internal/handlers/admin_handlers.go:1358.19,1360.21 2 0
github.com/drerr0r/vetbot/internal/handlers/admin_handlers.go:1360.21,1362.4 1 0
github.com/drerr0r/vetbot/internal/handlers/admin_handlers.go:1363.3,1364.51 2 0
github.com/drerr0r/vetbot/internal/handlers/admin_handlers.go:1365.10,1366.48 1 0
github.com/drerr0r/vetbot/internal/handlers/admin_handlers.go:1369.2,1369.12 1 0
github.com/drerr0r/vetbot/internal/handlers/admin_handlers.go:1373.94,1376.16 2 0
github.com/drerr0r/vetbot/internal/handlers/admin_handlers.go:1376.16,1378.3 1 0
github.com/drerr0r/vetbot/internal/handlers/admin_handlers.go:1381.2,1381.21 1 0
github.com/drerr0r/vetbot/internal/handlers/admin_handlers.go:1381.21,1383.37 2 0
github.com/drerr0r/vetbot/internal/handlers/admin_handlers.go:1383.37,1385.32 2 0
github.com/drerr0r/vetbot/internal/handlers/admin_handlers.go:1385.32,1388.29 2 0
github.com/drerr0r/vetbot/internal/handlers/admin_handlers.go:1388.29,1393.20 2 0
github.com/drerr0r/vetbot/internal/handlers/admin_handlers.go:1393.20,1395.7 1 0
github.com/drerr0r/vetbot/internal/handlers/admin_handlers.go:1401.2,1401.12 1 0
github.com/drerr0r/vetbot/internal/handlers/admin_handlers.go:1405.61,1408.16 2 0
github.com/drerr0r/vetbot/internal/handlers/admin_handlers.go:1408.16,1410.3 1 0
github.com/drerr0r/vetbot/internal/handlers/admin_handlers.go:1413.2,1414.16 2 0
github.com/drerr0r/vetbot/internal/handlers/admin_handlers.go:1414.16,1416.3 1 0
github.com/drerr0r/vetbot/internal/handlers/admin_handlers.go:1419.2,1420.12 2 0
github.com/drerr0r/vetbot/internal/handlers/admin_handlers.go:1424.91,1428.15 3 0
github.com/drerr0r/vetbot/internal/handlers/admin_handlers.go:1429.14,1431.53 2 0
github.com/drerr0r/vetbot/internal/handlers/admin_handlers.go:1432.17,1434.53 2 0
github.com/drerr0r/vetbot/internal/handlers/admin_handlers.go:1435.15,1436.18 1 0
github.com/drerr0r/vetbot/internal/handlers/admin_handlers.go:1436.18,1439.4 2 0
github.com/drerr0r/vetbot/internal/handlers/admin_handlers.go:1439.9,1442.4 2 0
github.com/drerr0r/vetbot/internal/handlers/admin_handlers.go:1443.23,1444.18 1 0
github.com/drerr0r/vetbot/internal/handlers/admin_handlers.go:1444.18,1447.4 2 0
github.com/drerr0r/vetbot/internal/handlers/admin_handlers.go:1447.9,1450.4 2 0
github.com/drerr0r/vetbot/internal/handlers/admin_handlers.go:1451.19,1453.21 2 0
github.com/drerr0r/vetbot/internal/handlers/admin_handlers.go:1453.21,1455.4 1 0
github.com/drerr0r/vetbot/internal/handlers/admin_handlers.go:1456.3,1457.54 2 0
github.com/drerr0r/vetbot/internal/handlers/admin_handlers.go:1458.10,1459.48 1 0
github.com/drerr0r/vetbot/internal/handlers/admin_handlers.go:1462.2,1462.12 1 0
github.com/drerr0r/vetbot/internal/handlers/admin_handlers.go:1466.58,1469.16 2 0
github.com/drerr0r/vetbot/internal/handlers/admin_handlers.go:1469.16,1471.3 1 0
github.com/drerr0r/vetbot/internal/handlers/admin_handlers.go:1474.2,1475.12 2 0
github.com/drerr0r/vetbot/internal/handlers/admin_handlers.go:1479.62,1480.46 1 0
github.com/drerr0r/vetbot/internal/handlers/admin_handlers.go:1480.46,1481.36 1 0
github.com/drerr0r/vetbot/internal/handlers/admin_handlers.go:1481.36,1483.4 1 0
github.com/drerr0r/vetbot/internal/handlers/admin_handlers.go:1485.2,1485.11 1 0
github.com/drerr0r/vetbot/internal/handlers/admin_handlers.go:1490.53,1495.2 4 0
github.com/drerr0r/vetbot/internal/handlers/admin_handlers.go:1497.58,1502.2 4 0
github.com/drerr0r/vetbot/internal/handlers/admin_handlers.go:1504.57,1509.2 4 0
github.com/drerr0r/vetbot/internal/handlers/admin_handlers.go:1511.61,1516.2 4 0
github.com/drerr0r/vetbot/internal/handlers/admin_handlers.go:1518.60,1523.2 4 0
github.com/drerr0r/vetbot/internal/handlers/admin_handlers.go:1525.56,1530.2 4 0
github.com/drerr0r/vetbot/internal/handlers/bot_handlers.go:15.56,19.2 1 8
github.com/drerr0r/vetbot/internal/handlers/bot_handlers.go:22.68,27.2 2 0
github.com/drerr0r/vetbot/internal/handlers/bot_handlers.go:30.73,37.2 3 0
github.com/drerr0r/vetbot/internal/handlers/bot_handlers.go:40.56,53.2 2 0
github.com/drerr0r/vetbot/internal/handlers/main_handler.go:22.81,30.2 1 3
github.com/drerr0r/vetbot/internal/handlers/main_handler.go:33.60,37.33 2 0
github.com/drerr0r/vetbot/internal/handlers/main_handler.go:37.33,41.3 3 0
github.com/drerr0r/vetbot/internal/handlers/main_handler.go:44.2,44.27 1 0
github.com/drerr0r/vetbot/internal/handlers/main_handler.go:44.27,47.3 2 0
github.com/drerr0r/vetbot/internal/handlers/main_handler.go:49.2,49.31 1 0
github.com/drerr0r/vetbot/internal/handlers/main_handler.go:49.31,52.3 2 0
github.com/drerr0r/vetbot/internal/handlers/main_handler.go:54.2,61.56 4 0
github.com/drerr0r/vetbot/internal/handlers/main_handler.go:61.56,65.3 3 0
github.com/drerr0r/vetbot/internal/handlers/main_handler.go:68.2,68.56 1 0
github.com/drerr0r/vetbot/internal/handlers/main_handler.go:68.56,72.3 3 0
github.com/drerr0r/vetbot/internal/handlers/main_handler.go:75.2,75.32 1 0
github.com/drerr0r/vetbot/internal/handlers/main_handler.go:75.32,79.3 3 0
github.com/drerr0r/vetbot/internal/handlers/main_handler.go:82.2,83.29 2 0
github.com/drerr0r/vetbot/internal/handlers/main_handler.go:87.75,91.17 3 0
github.com/drerr0r/vetbot/internal/handlers/main_handler.go:92.15,94.36 2 0
github.com/drerr0r/vetbot/internal/handlers/main_handler.go:95.25,97.46 2 0
github.com/drerr0r/vetbot/internal/handlers/main_handler.go:98.16,100.37 2 0
github.com/drerr0r/vetbot/internal/handlers/main_handler.go:101.17,103.38 2 0
github.com/drerr0r/vetbot/internal/handlers/main_handler.go:104.14,106.35 2 0
github.com/drerr0r/vetbot/internal/handlers/main_handler.go:107.14,109.35 2 0
github.com/drerr0r/vetbot/internal/handlers/main_handler.go:110.15,111.14 1 0
github.com/drerr0r/vetbot/internal/handlers/main_handler.go:111.14,114.4 2 0
github.com/drerr0r/vetbot/internal/handlers/main_handler.go:114.9,118.4 3 0
github.com/drerr0r/vetbot/internal/handlers/main_handler.go:119.15,120.14 1 0
github.com/drerr0r/vetbot/internal/handlers/main_handler.go:120.14,123.4 2 0
github.com/drerr0r/vetbot/internal/handlers/main_handler.go:124.10,128.18 3 0
github.com/drerr0r/vetbot/internal/handlers/main_handler.go:133.67,137.41 3 0
github.com/drerr0r/vetbot/internal/handlers/main_handler.go:137.41,140.17 3 0
github.com/drerr0r/vetbot/internal/handlers/main_handler.go:140.17,145.4 4 0
github.com/drerr0r/vetbot/internal/handlers/main_handler.go:146.3,147.61 2 0
github.com/drerr0r/vetbot/internal/handlers/main_handler.go:152.65,157.2 2 0
github.com/drerr0r/vetbot/internal/handlers/main_handler.go:160.50,161.52 1 24
github.com/drerr0r/vetbot/internal/handlers/main_handler.go:161.52,164.3 2 6
github.com/drerr0r/vetbot/internal/handlers/main_handler.go:166.2,166.44 1 18
github.com/drerr0r/vetbot/internal/handlers/main_handler.go:166.44,167.24 1 24
github.com/drerr0r/vetbot/internal/handlers/main_handler.go:167.24,170.4 2 6
github.com/drerr0r/vetbot/internal/handlers/main_handler.go:173.2,174.14 2 12
github.com/drerr0r/vetbot/internal/handlers/main_handler.go:178.56,180.28 1 18
github.com/drerr0r/vetbot/internal/handlers/main_handler.go:180.28,183.3 2 2
github.com/drerr0r/vetbot/internal/handlers/main_handler.go:186.2,186.65 1 16
github.com/drerr0r/vetbot/internal/handlers/main_handler.go:186.65,188.3 1 4
github.com/drerr0r/vetbot/internal/handlers/main_handler.go:189.2,189.14 1 12
github.com/drerr0r/vetbot/internal/handlers/test_utils.go:31.38,39.2 1 30
github.com/drerr0r/vetbot/internal/handlers/test_utils.go:42.40,44.2 1 0
github.com/drerr0r/vetbot/internal/handlers/test_utils.go:47.38,49.2 1 0
github.com/drerr0r/vetbot/internal/handlers/test_utils.go:52.60,53.24 1 3
github.com/drerr0r/vetbot/internal/handlers/test_utils.go:53.24,55.3 1 1
github.com/drerr0r/vetbot/internal/handlers/test_utils.go:56.2,57.12 2 2
github.com/drerr0r/vetbot/internal/handlers/test_utils.go:61.82,62.35 1 4
github.com/drerr0r/vetbot/internal/handlers/test_utils.go:62.35,64.3 1 1
github.com/drerr0r/vetbot/internal/handlers/test_utils.go:66.2,67.41 2 3
github.com/drerr0r/vetbot/internal/handlers/test_utils.go:67.41,69.3 1 5
github.com/drerr0r/vetbot/internal/handlers/test_utils.go:70.2,70.20 1 3
github.com/drerr0r/vetbot/internal/handlers/test_utils.go:74.86,75.35 1 5
github.com/drerr0r/vetbot/internal/handlers/test_utils.go:75.35,77.3 1 0
github.com/drerr0r/vetbot/internal/handlers/test_utils.go:79.2,80.13 2 5
github.com/drerr0r/vetbot/internal/handlers/test_utils.go:80.13,82.3 1 1
github.com/drerr0r/vetbot/internal/handlers/test_utils.go:83.2,83.18 1 4
github.com/drerr0r/vetbot/internal/handlers/test_utils.go:87.67,90.2 2 0
github.com/drerr0r/vetbot/internal/handlers/test_utils.go:93.111,94.33 1 7
github.com/drerr0r/vetbot/internal/handlers/test_utils.go:94.33,96.3 1 2
github.com/drerr0r/vetbot/internal/handlers/test_utils.go:98.2,99.38 2 5
github.com/drerr0r/vetbot/internal/handlers/test_utils.go:99.38,100.44 1 4
github.com/drerr0r/vetbot/internal/handlers/test_utils.go:100.44,101.35 1 4
github.com/drerr0r/vetbot/internal/handlers/test_utils.go:101.35,103.10 2 4
github.com/drerr0r/vetbot/internal/handlers/test_utils.go:107.2,107.20 1 5
github.com/drerr0r/vetbot/internal/handlers/test_utils.go:111.66,112.27 1 5
github.com/drerr0r/vetbot/internal/handlers/test_utils.go:112.27,114.3 1 2
github.com/drerr0r/vetbot/internal/handlers/test_utils.go:116.2,117.35 2 3
github.com/drerr0r/vetbot/internal/handlers/test_utils.go:117.35,119.3 1 4
github.com/drerr0r/vetbot/internal/handlers/test_utils.go:120.2,120.20 1 3
github.com/drerr0r/vetbot/internal/handlers/test_utils.go:124.83,125.29 1 5
github.com/drerr0r/vetbot/internal/handlers/test_utils.go:125.29,127.3 1 0
github.com/drerr0r/vetbot/internal/handlers/test_utils.go:129.2,130.39 2 5
github.com/drerr0r/vetbot/internal/handlers/test_utils.go:130.39,131.30 1 3
github.com/drerr0r/vetbot/internal/handlers/test_utils.go:131.30,133.4 1 3
github.com/drerr0r/vetbot/internal/handlers/test_utils.go:135.2,135.20 1 5
github.com/drerr0r/vetbot/internal/handlers/test_utils.go:139.95,141.13 2 1
github.com/drerr0r/vetbot/internal/handlers/test_utils.go:141.13,143.3 1 0
github.com/drerr0r/vetbot/internal/handlers/test_utils.go:144.2,144.33 1 1
github.com/drerr0r/vetbot/internal/handlers/test_utils.go:148.107,149.33 1 4
github.com/drerr0r/vetbot/internal/handlers/test_utils.go:149.33,151.3 1 0
github.com/drerr0r/vetbot/internal/handlers/test_utils.go:153.2,155.38 2 4
github.com/drerr0r/vetbot/internal/handlers/test_utils.go:155.38,157.36 1 3
github.com/drerr0r/vetbot/internal/handlers/test_utils.go:157.36,159.45 2 0
github.com/drerr0r/vetbot/internal/handlers/test_utils.go:159.45,160.45 1 0
github.com/drerr0r/vetbot/internal/handlers/test_utils.go:160.45,162.11 2 0
github.com/drerr0r/vetbot/internal/handlers/test_utils.go:165.4,165.14 1 0
github.com/drerr0r/vetbot/internal/handlers/test_utils.go:165.14,166.13 1 0
github.com/drerr0r/vetbot/internal/handlers/test_utils.go:171.3,171.29 1 3
github.com/drerr0r/vetbot/internal/handlers/test_utils.go:171.29,173.41 2 2
github.com/drerr0r/vetbot/internal/handlers/test_utils.go:173.41,174.77 1 2
github.com/drerr0r/vetbot/internal/handlers/test_utils.go:174.77,176.11 2 1
github.com/drerr0r/vetbot/internal/handlers/test_utils.go:179.4,179.20 1 2
github.com/drerr0r/vetbot/internal/handlers/test_utils.go:179.20,180.13 1 1
github.com/drerr0r/vetbot/internal/handlers/test_utils.go:185.3,185.28 1 2
github.com/drerr0r/vetbot/internal/handlers/test_utils.go:185.28,187.41 2 1
github.com/drerr0r/vetbot/internal/handlers/test_utils.go:187.41,188.75 1 1
github.com/drerr0r/vetbot/internal/handlers/test_utils.go:188.75,190.11 2 1
github.com/drerr0r/vetbot/internal/handlers/test_utils.go:193.4,193.18 1 1
github.com/drerr0r/vetbot/internal/handlers/test_utils.go:193.18,194.13 1 0
github.com/drerr0r/vetbot/internal/handlers/test_utils.go:198.3,198.31 1 2
github.com/drerr0r/vetbot/internal/handlers/test_utils.go:201.2,201.20 1 4
github.com/drerr0r/vetbot/internal/handlers/test_utils.go:205.78,207.38 2 0
github.com/drerr0r/vetbot/internal/handlers/test_utils.go:207.38,209.3 1 0
github.com/drerr0r/vetbot/internal/handlers/test_utils.go:210.2,210.20 1 0
github.com/drerr0r/vetbot/internal/handlers/test_utils.go:214.82,216.13 2 0
github.com/drerr0r/vetbot/internal/handlers/test_utils.go:216.13,218.3 1 0
github.com/drerr0r/vetbot/internal/handlers/test_utils.go:219.2,219.17 1 0
github.com/drerr0r/vetbot/internal/handlers/test_utils.go:223.70,225.13 2 0
github.com/drerr0r/vetbot/internal/handlers/test_utils.go:225.13,227.3 1 0
github.com/drerr0r/vetbot/internal/handlers/test_utils.go:228.2,228.20 1 0
github.com/drerr0r/vetbot/internal/handlers/test_utils.go:232.50,234.2 1 0
github.com/drerr0r/vetbot/internal/handlers/test_utils.go:237.87,245.2 1 0
github.com/drerr0r/vetbot/internal/handlers/test_utils.go:248.67,253.2 1 0
github.com/drerr0r/vetbot/internal/handlers/test_utils.go:267.28,273.2 1 30
github.com/drerr0r/vetbot/internal/handlers/test_utils.go:276.72,277.25 1 42
github.com/drerr0r/vetbot/internal/handlers/test_utils.go:278.30,280.63 2 18
github.com/drerr0r/vetbot/internal/handlers/test_utils.go:281.31,283.33 2 17
github.com/drerr0r/vetbot/internal/handlers/test_utils.go:284.38,286.65 2 7
github.com/drerr0r/vetbot/internal/handlers/test_utils.go:287.10,288.75 1 0
github.com/drerr0r/vetbot/internal/handlers/test_utils.go:293.80,295.2 1 6
github.com/drerr0r/vetbot/internal/handlers/test_utils.go:298.62,300.2 1 0
github.com/drerr0r/vetbot/internal/handlers/test_utils.go:303.60,304.30 1 15
github.com/drerr0r/vetbot/internal/handlers/test_utils.go:304.30,306.3 1 0
github.com/drerr0r/vetbot/internal/handlers/test_utils.go:307.2,307.47 1 15
github.com/drerr0r/vetbot/internal/handlers/test_utils.go:311.74,312.32 1 5
github.com/drerr0r/vetbot/internal/handlers/test_utils.go:312.32,314.3 1 0
github.com/drerr0r/vetbot/internal/handlers/test_utils.go:315.2,315.51 1 5
github.com/drerr0r/vetbot/internal/handlers/test_utils.go:319.27,323.2 3 0
github.com/drerr0r/vetbot/internal/handlers/test_utils.go:335.41,339.2 1 27
github.com/drerr0r/vetbot/internal/handlers/test_utils.go:342.101,349.2 2 5
github.com/drerr0r/vetbot/internal/handlers/test_utils.go:352.103,359.2 2 22
github.com/drerr0r/vetbot/internal/handlers/test_utils.go:362.53,364.2 1 27
github.com/drerr0r/vetbot/internal/handlers/test_utils.go:367.39,374.2 1 1
github.com/drerr0r/vetbot/internal/handlers/test_utils.go:377.56,386.2 5 0
github.com/drerr0r/vetbot/internal/handlers/test_utils.go:389.70,394.2 4 0
github.com/drerr0r/vetbot/internal/handlers/test_utils.go:397.74,403.2 5 0
github.com/drerr0r/vetbot/internal/handlers/vet_handlers.go:21.59,26.2 1 31
github.com/drerr0r/vetbot/internal/handlers/vet_handlers.go:29.59,41.16 4 3
github.com/drerr0r/vetbot/internal/handlers/vet_handlers.go:41.16,43.3 1 1
github.com/drerr0r/vetbot/internal/handlers/vet_handlers.go:46.2,65.16 6 3
github.com/drerr0r/vetbot/internal/handlers/vet_handlers.go:65.16,67.3 1 0
github.com/drerr0r/vetbot/internal/handlers/vet_handlers.go:67.8,69.3 1 3
github.com/drerr0r/vetbot/internal/handlers/vet_handlers.go:73.69,79.33 3 5
github.com/drerr0r/vetbot/internal/handlers/vet_handlers.go:79.33,84.3 3 4
github.com/drerr0r/vetbot/internal/handlers/vet_handlers.go:84.8,84.34 1 1
github.com/drerr0r/vetbot/internal/handlers/vet_handlers.go:84.34,86.3 1 0
github.com/drerr0r/vetbot/internal/handlers/vet_handlers.go:86.8,89.3 2 1
github.com/drerr0r/vetbot/internal/handlers/vet_handlers.go:91.2,92.16 2 4
github.com/drerr0r/vetbot/internal/handlers/vet_handlers.go:92.16,97.3 4 1
github.com/drerr0r/vetbot/internal/handlers/vet_handlers.go:99.2,101.31 2 3
github.com/drerr0r/vetbot/internal/handlers/vet_handlers.go:101.31,105.3 3 1
github.com/drerr0r/vetbot/internal/handlers/vet_handlers.go:108.2,111.39 3 2
github.com/drerr0r/vetbot/internal/handlers/vet_handlers.go:111.39,119.50 3 5
github.com/drerr0r/vetbot/internal/handlers/vet_handlers.go:119.50,122.4 2 2
github.com/drerr0r/vetbot/internal/handlers/vet_handlers.go:126.2,140.16 9 2
github.com/drerr0r/vetbot/internal/handlers/vet_handlers.go:140.16,142.3 1 0
github.com/drerr0r/vetbot/internal/handlers/vet_handlers.go:146.60,152.33 3 0
github.com/drerr0r/vetbot/internal/handlers/vet_handlers.go:152.33,156.3 3 0
github.com/drerr0r/vetbot/internal/handlers/vet_handlers.go:156.8,156.34 1 0
github.com/drerr0r/vetbot/internal/handlers/vet_handlers.go:156.34,158.3 1 0
github.com/drerr0r/vetbot/internal/handlers/vet_handlers.go:158.8,161.3 2 0
github.com/drerr0r/vetbot/internal/handlers/vet_handlers.go:164.2,191.16 7 0
github.com/drerr0r/vetbot/internal/handlers/vet_handlers.go:191.16,193.3 1 0
github.com/drerr0r/vetbot/internal/handlers/vet_handlers.go:197.61,203.33 3 3
github.com/drerr0r/vetbot/internal/handlers/vet_handlers.go:203.33,207.3 3 3
github.com/drerr0r/vetbot/internal/handlers/vet_handlers.go:207.8,207.34 1 0
github.com/drerr0r/vetbot/internal/handlers/vet_handlers.go:207.34,209.3 1 0
github.com/drerr0r/vetbot/internal/handlers/vet_handlers.go:209.8,212.3 2 0
github.com/drerr0r/vetbot/internal/handlers/vet_handlers.go:214.2,215.16 2 3
github.com/drerr0r/vetbot/internal/handlers/vet_handlers.go:215.16,220.3 4 2
github.com/drerr0r/vetbot/internal/handlers/vet_handlers.go:222.2,224.23 2 1
github.com/drerr0r/vetbot/internal/handlers/vet_handlers.go:224.23,228.3 3 0
github.com/drerr0r/vetbot/internal/handlers/vet_handlers.go:231.2,234.33 3 1
github.com/drerr0r/vetbot/internal/handlers/vet_handlers.go:234.33,242.42 3 2
github.com/drerr0r/vetbot/internal/handlers/vet_handlers.go:242.42,245.4 2 1
github.com/drerr0r/vetbot/internal/handlers/vet_handlers.go:249.2,263.16 9 1
github.com/drerr0r/vetbot/internal/handlers/vet_handlers.go:263.16,265.3 1 0
github.com/drerr0r/vetbot/internal/handlers/vet_handlers.go:269.58,275.33 3 1
github.com/drerr0r/vetbot/internal/handlers/vet_handlers.go:275.33,279.3 3 1
github.com/drerr0r/vetbot/internal/handlers/vet_handlers.go:279.8,279.34 1 0
github.com/drerr0r/vetbot/internal/handlers/vet_handlers.go:279.34,281.3 1 0
github.com/drerr0r/vetbot/internal/handlers/vet_handlers.go:281.8,284.3 2 0
github.com/drerr0r/vetbot/internal/handlers/vet_handlers.go:286.2,314.16 8 1
github.com/drerr0r/vetbot/internal/handlers/vet_handlers.go:314.16,316.3 1 0
github.com/drerr0r/vetbot/internal/handlers/vet_handlers.go:320.98,327.33 4 7
github.com/drerr0r/vetbot/internal/handlers/vet_handlers.go:327.33,333.3 4 7
github.com/drerr0r/vetbot/internal/handlers/vet_handlers.go:333.8,333.34 1 0
github.com/drerr0r/vetbot/internal/handlers/vet_handlers.go:333.34,335.3 1 0
github.com/drerr0r/vetbot/internal/handlers/vet_handlers.go:335.8,338.3 2 0
github.com/drerr0r/vetbot/internal/handlers/vet_handlers.go:340.2,341.16 2 7
github.com/drerr0r/vetbot/internal/handlers/vet_handlers.go:341.16,346.3 4 2
github.com/drerr0r/vetbot/internal/handlers/vet_handlers.go:348.2,351.16 3 5
github.com/drerr0r/vetbot/internal/handlers/vet_handlers.go:351.16,353.3 1 1
github.com/drerr0r/vetbot/internal/handlers/vet_handlers.go:356.2,363.20 2 5
github.com/drerr0r/vetbot/internal/handlers/vet_handlers.go:363.20,365.18 2 1
github.com/drerr0r/vetbot/internal/handlers/vet_handlers.go:365.18,367.4 1 1
github.com/drerr0r/vetbot/internal/handlers/vet_handlers.go:367.9,369.4 1 0
github.com/drerr0r/vetbot/internal/handlers/vet_handlers.go:371.3,376.9 5 1
github.com/drerr0r/vetbot/internal/handlers/vet_handlers.go:379.2,380.17 2 4
github.com/drerr0r/vetbot/internal/handlers/vet_handlers.go:380.17,382.3 1 3
github.com/drerr0r/vetbot/internal/handlers/vet_handlers.go:382.8,384.3 1 1
github.com/drerr0r/vetbot/internal/handlers/vet_handlers.go:386.2,386.27 1 4
github.com/drerr0r/vetbot/internal/handlers/vet_handlers.go:386.27,390.48 3 4
github.com/drerr0r/vetbot/internal/handlers/vet_handlers.go:390.48,392.4 1 2
github.com/drerr0r/vetbot/internal/handlers/vet_handlers.go:394.3,394.32 1 4
github.com/drerr0r/vetbot/internal/handlers/vet_handlers.go:394.32,396.4 1 2
github.com/drerr0r/vetbot/internal/handlers/vet_handlers.go:399.3,399.35 1 4
github.com/drerr0r/vetbot/internal/handlers/vet_handlers.go:399.35,402.45 3 4
github.com/drerr0r/vetbot/internal/handlers/vet_handlers.go:402.45,404.5 1 6
github.com/drerr0r/vetbot/internal/handlers/vet_handlers.go:405.4,406.24 2 4
github.com/drerr0r/vetbot/internal/handlers/vet_handlers.go:410.3,411.39 2 4
github.com/drerr0r/vetbot/internal/handlers/vet_handlers.go:411.39,413.39 2 2
github.com/drerr0r/vetbot/internal/handlers/vet_handlers.go:413.39,417.87 4 2
github.com/drerr0r/vetbot/internal/handlers/vet_handlers.go:417.87,419.62 2 2
github.com/drerr0r/vetbot/internal/handlers/vet_handlers.go:419.62,421.7 1 2
github.com/drerr0r/vetbot/internal/handlers/vet_handlers.go:422.6,422.26 1 2
github.com/drerr0r/vetbot/internal/handlers/vet_handlers.go:427.3,427.23 1 4
github.com/drerr0r/vetbot/internal/handlers/vet_handlers.go:431.2,431.51 1 4
github.com/drerr0r/vetbot/internal/handlers/vet_handlers.go:431.51,436.17 5 4
github.com/drerr0r/vetbot/internal/handlers/vet_handlers.go:436.17,443.4 5 0
github.com/drerr0r/vetbot/internal/handlers/vet_handlers.go:444.8,449.3 4 0
github.com/drerr0r/vetbot/internal/handlers/vet_handlers.go:453.82,459.33 4 2
github.com/drerr0r/vetbot/internal/handlers/vet_handlers.go:459.33,464.3 4 2
github.com/drerr0r/vetbot/internal/handlers/vet_handlers.go:464.8,464.34 1 0
github.com/drerr0r/vetbot/internal/handlers/vet_handlers.go:464.34,466.3 1 0
github.com/drerr0r/vetbot/internal/handlers/vet_handlers.go:466.8,469.3 2 0
github.com/drerr0r/vetbot/internal/handlers/vet_handlers.go:472.2,476.16 3 2
github.com/drerr0r/vetbot/internal/handlers/vet_handlers.go:476.16,481.3 4 0
github.com/drerr0r/vetbot/internal/handlers/vet_handlers.go:483.2,487.16 3 2
github.com/drerr0r/vetbot/internal/handlers/vet_handlers.go:487.16,492.3 4 0
github.com/drerr0r/vetbot/internal/handlers/vet_handlers.go:494.2,495.28 2 2
github.com/drerr0r/vetbot/internal/handlers/vet_handlers.go:495.28,496.23 1 2
github.com/drerr0r/vetbot/internal/handlers/vet_handlers.go:496.23,498.9 2 2
github.com/drerr0r/vetbot/internal/handlers/vet_handlers.go:503.2,503.22 1 2
github.com/drerr0r/vetbot/internal/handlers/vet_handlers.go:503.22,505.3 1 0
github.com/drerr0r/vetbot/internal/handlers/vet_handlers.go:508.2,515.20 2 2
github.com/drerr0r/vetbot/internal/handlers/vet_handlers.go:515.20,522.3 5 1
github.com/drerr0r/vetbot/internal/handlers/vet_handlers.go:524.2,527.27 3 1
github.com/drerr0r/vetbot/internal/handlers/vet_handlers.go:527.27,531.48 3 1
github.com/drerr0r/vetbot/internal/handlers/vet_handlers.go:531.48,533.4 1 1
github.com/drerr0r/vetbot/internal/handlers/vet_handlers.go:535.3,535.32 1 1
github.com/drerr0r/vetbot/internal/handlers/vet_handlers.go:535.32,537.4 1 1
github.com/drerr0r/vetbot/internal/handlers/vet_handlers.go:540.3,541.35 2 1
github.com/drerr0r/vetbot/internal/handlers/vet_handlers.go:541.35,544.31 3 0
github.com/drerr0r/vetbot/internal/handlers/vet_handlers.go:544.31,546.5 1 0
github.com/drerr0r/vetbot/internal/handlers/vet_handlers.go:547.4,548.24 2 0
github.com/drerr0r/vetbot/internal/handlers/vet_handlers.go:551.3,551.23 1 1
github.com/drerr0r/vetbot/internal/handlers/vet_handlers.go:554.2,554.51 1 1
github.com/drerr0r/vetbot/internal/handlers/vet_handlers.go:554.51,559.3 4 1
github.com/drerr0r/vetbot/internal/handlers/vet_handlers.go:559.8,564.3 4 0
github.com/drerr0r/vetbot/internal/handlers/vet_handlers.go:568.62,577.9 5 6
github.com/drerr0r/vetbot/internal/handlers/vet_handlers.go:578.27,579.27 1 1
github.com/drerr0r/vetbot/internal/handlers/vet_handlers.go:580.38,581.34 1 0
github.com/drerr0r/vetbot/internal/handlers/vet_handlers.go:582.27,583.25 1 0
github.com/drerr0r/vetbot/internal/handlers/vet_handlers.go:584.30,585.26 1 0
github.com/drerr0r/vetbot/internal/handlers/vet_handlers.go:586.27,587.23 1 0
github.com/drerr0r/vetbot/internal/handlers/vet_handlers.go:588.47,589.39 1 3
github.com/drerr0r/vetbot/internal/handlers/vet_handlers.go:590.46,591.33 1 0
github.com/drerr0r/vetbot/internal/handlers/vet_handlers.go:592.49,593.41 1 0
github.com/drerr0r/vetbot/internal/handlers/vet_handlers.go:594.10,597.32 2 2
github.com/drerr0r/vetbot/internal/handlers/vet_handlers.go:602.70,621.16 5 1
github.com/drerr0r/vetbot/internal/handlers/vet_handlers.go:621.16,630.3 4 0
github.com/drerr0r/vetbot/internal/handlers/vet_handlers.go:632.2,633.31 2 1
github.com/drerr0r/vetbot/internal/handlers/vet_handlers.go:637.82,640.16 3 3
github.com/drerr0r/vetbot/internal/handlers/vet_handlers.go:640.16,645.3 4 1
github.com/drerr0r/vetbot/internal/handlers/vet_handlers.go:647.2,653.48 3 2
github.com/drerr0r/vetbot/internal/handlers/vet_handlers.go:657.84,660.16 3 0
github.com/drerr0r/vetbot/internal/handlers/vet_handlers.go:660.16,665.3 4 0
github.com/drerr0r/vetbot/internal/handlers/vet_handlers.go:667.2,672.42 3 0
github.com/drerr0r/vetbot/internal/handlers/vet_handlers.go:676.76,682.16 5 2
github.com/drerr0r/vetbot/internal/handlers/vet_handlers.go:682.16,685.3 2 0
github.com/drerr0r/vetbot/internal/handlers/vet_handlers.go:687.2,694.16 4 2
github.com/drerr0r/vetbot/internal/handlers/vet_handlers.go:694.16,699.3 4 0
github.com/drerr0r/vetbot/internal/handlers/vet_handlers.go:701.2,711.20 3 2
github.com/drerr0r/vetbot/internal/handlers/vet_handlers.go:711.20,721.3 8 1
github.com/drerr0r/vetbot/internal/handlers/vet_handlers.go:723.2,727.27 4 1
github.com/drerr0r/vetbot/internal/handlers/vet_handlers.go:727.27,731.48 3 1
github.com/drerr0r/vetbot/internal/handlers/vet_handlers.go:731.48,733.4 1 0
github.com/drerr0r/vetbot/internal/handlers/vet_handlers.go:735.3,735.32 1 1
github.com/drerr0r/vetbot/internal/handlers/vet_handlers.go:735.32,737.4 1 0
github.com/drerr0r/vetbot/internal/handlers/vet_handlers.go:740.3,741.17 2 1
github.com/drerr0r/vetbot/internal/handlers/vet_handlers.go:741.17,742.39 1 1
github.com/drerr0r/vetbot/internal/handlers/vet_handlers.go:742.39,743.46 1 1
github.com/drerr0r/vetbot/internal/handlers/vet_handlers.go:743.46,747.88 4 1
github.com/drerr0r/vetbot/internal/handlers/vet_handlers.go:747.88,749.63 2 1
github.com/drerr0r/vetbot/internal/handlers/vet_handlers.go:749.63,751.8 1 0
github.com/drerr0r/vetbot/internal/handlers/vet_handlers.go:752.7,752.27 1 1
github.com/drerr0r/vetbot/internal/handlers/vet_handlers.go:757.3,757.23 1 1
github.com/drerr0r/vetbot/internal/handlers/vet_handlers.go:760.2,765.16 5 1
github.com/drerr0r/vetbot/internal/handlers/vet_handlers.go:765.16,772.3 5 0
github.com/drerr0r/vetbot/internal/handlers/vet_handlers.go:774.2,775.31 2 1
github.com/drerr0r/vetbot/internal/handlers/vet_handlers.go:779.58,784.16 4 2
github.com/drerr0r/vetbot/internal/handlers/vet_handlers.go:784.16,786.3 1 0
github.com/drerr0r/vetbot/internal/handlers/vet_handlers.go:786.8,788.3 1 2
github.com/drerr0r/vetbot/internal/handlers/vet_handlers.go:792.33,804.2 2 14
